# JRE version: OpenJDK Runtime Environment (17.0.6) (build 17.0.6+0-b2043.56-10027231)
# Java VM: OpenJDK 64-Bit Server VM (17.0.6+0-b2043.56-10027231, mixed mode, tiered, compressed oops, compressed class ptrs, g1 gc, windows-amd64)
GC Precious Log:
 CPUs: 8 total, 8 available
 Memory: 16269M
 Large Page Support: Disabled
 NUMA Support: Disabled
 Compressed Oops: Enabled (32-bit)
 Heap Region Size: 1M
 Heap Min Capacity: 8M
 Heap Initial Capacity: 256M
 Heap Max Capacity: 2G
 Pre-touch: Disabled
 Parallel Workers: 8
 Concurrent Workers: 2
 Concurrent Refinement Workers: 8
 Periodic GC: Disabled
Heap:
 garbage-first heap   total 307200K, used 133863K [0x0000000080000000, 0x0000000100000000)
  region size 1024K, 14 young (14336K), 14 survivors (14336K)
 Metaspace       used 137918K, committed 138816K, reserved 1171456K
  class space    used 18644K, committed 19072K, reserved 1048576K
GC Heap History (20 events):
Event: 14.526 GC heap after
{Heap after GC invocations=34 (full 0):
 garbage-first heap   total 307200K, used 116872K [0x0000000080000000, 0x0000000100000000)
  region size 1024K, 2 young (2048K), 2 survivors (2048K)
 Metaspace       used 99939K, committed 100672K, reserved 1138688K
  class space    used 13451K, committed 13824K, reserved 1048576K
}
Event: 16.109 GC heap before
{Heap before GC invocations=34 (full 0):
 garbage-first heap   total 307200K, used 196744K [0x0000000080000000, 0x0000000100000000)
  region size 1024K, 81 young (82944K), 2 survivors (2048K)
 Metaspace       used 101080K, committed 101760K, reserved 1138688K
  class space    used 13582K, committed 13888K, reserved 1048576K
}
Event: 16.117 GC heap after
{Heap after GC invocations=35 (full 0):
 garbage-first heap   total 307200K, used 127247K [0x0000000080000000, 0x0000000100000000)
  region size 1024K, 11 young (11264K), 11 survivors (11264K)
 Metaspace       used 101080K, committed 101760K, reserved 1138688K
  class space    used 13582K, committed 13888K, reserved 1048576K
}
Event: 17.035 GC heap before
{Heap before GC invocations=36 (full 0):
 garbage-first heap   total 307200K, used 198927K [0x0000000080000000, 0x0000000100000000)
  region size 1024K, 90 young (92160K), 11 survivors (11264K)
 Metaspace       used 107187K, committed 107840K, reserved 1146880K
  class space    used 14394K, committed 14720K, reserved 1048576K
}
Event: 17.044 GC heap after
{Heap after GC invocations=37 (full 0):
 garbage-first heap   total 307200K, used 123178K [0x0000000080000000, 0x0000000100000000)
  region size 1024K, 7 young (7168K), 7 survivors (7168K)
 Metaspace       used 107187K, committed 107840K, reserved 1146880K
  class space    used 14394K, committed 14720K, reserved 1048576K
}
Event: 17.142 GC heap before
{Heap before GC invocations=37 (full 0):
 garbage-first heap   total 307200K, used 130346K [0x0000000080000000, 0x0000000100000000)
  region size 1024K, 15 young (15360K), 7 survivors (7168K)
 Metaspace       used 108884K, committed 109568K, reserved 1146880K
  class space    used 14602K, committed 14912K, reserved 1048576K
}
Event: 17.147 GC heap after
{Heap after GC invocations=38 (full 0):
 garbage-first heap   total 307200K, used 113664K [0x0000000080000000, 0x0000000100000000)
  region size 1024K, 2 young (2048K), 2 survivors (2048K)
 Metaspace       used 108884K, committed 109568K, reserved 1146880K
  class space    used 14602K, committed 14912K, reserved 1048576K
}
Event: 17.216 GC heap before
{Heap before GC invocations=38 (full 0):
 garbage-first heap   total 307200K, used 116736K [0x0000000080000000, 0x0000000100000000)
  region size 1024K, 6 young (6144K), 2 survivors (2048K)
 Metaspace       used 109470K, committed 110144K, reserved 1146880K
  class space    used 14633K, committed 14976K, reserved 1048576K
}
Event: 17.218 GC heap after
{Heap after GC invocations=39 (full 0):
 garbage-first heap   total 307200K, used 113491K [0x0000000080000000, 0x0000000100000000)
  region size 1024K, 2 young (2048K), 2 survivors (2048K)
 Metaspace       used 109470K, committed 110144K, reserved 1146880K
  class space    used 14633K, committed 14976K, reserved 1048576K
}
Event: 18.868 GC heap before
{Heap before GC invocations=40 (full 0):
 garbage-first heap   total 307200K, used 217939K [0x0000000080000000, 0x0000000100000000)
  region size 1024K, 101 young (103424K), 2 survivors (2048K)
 Metaspace       used 115172K, committed 115968K, reserved 1155072K
  class space    used 15349K, committed 15744K, reserved 1048576K
}
Event: 18.877 GC heap after
{Heap after GC invocations=41 (full 0):
 garbage-first heap   total 307200K, used 124199K [0x0000000080000000, 0x0000000100000000)
  region size 1024K, 11 young (11264K), 11 survivors (11264K)
 Metaspace       used 115172K, committed 115968K, reserved 1155072K
  class space    used 15349K, committed 15744K, reserved 1048576K
}
Event: 18.950 GC heap before
{Heap before GC invocations=41 (full 0):
 garbage-first heap   total 307200K, used 128295K [0x0000000080000000, 0x0000000100000000)
  region size 1024K, 15 young (15360K), 11 survivors (11264K)
 Metaspace       used 115951K, committed 116736K, reserved 1155072K
  class space    used 15480K, committed 15872K, reserved 1048576K
}
Event: 18.957 GC heap after
{Heap after GC invocations=42 (full 0):
 garbage-first heap   total 307200K, used 121208K [0x0000000080000000, 0x0000000100000000)
  region size 1024K, 2 young (2048K), 2 survivors (2048K)
 Metaspace       used 115951K, committed 116736K, reserved 1155072K
  class space    used 15480K, committed 15872K, reserved 1048576K
}
Event: 19.923 GC heap before
{Heap before GC invocations=42 (full 0):
 garbage-first heap   total 307200K, used 226680K [0x0000000080000000, 0x0000000100000000)
  region size 1024K, 106 young (108544K), 2 survivors (2048K)
 Metaspace       used 128483K, committed 129280K, reserved 1163264K
  class space    used 17590K, committed 17984K, reserved 1048576K
}
Event: 19.931 GC heap after
{Heap after GC invocations=43 (full 0):
 garbage-first heap   total 307200K, used 131087K [0x0000000080000000, 0x0000000100000000)
  region size 1024K, 11 young (11264K), 11 survivors (11264K)
 Metaspace       used 128483K, committed 129280K, reserved 1163264K
  class space    used 17590K, committed 17984K, reserved 1048576K
}
Event: 70.067 GC heap before
{Heap before GC invocations=44 (full 0):
 garbage-first heap   total 307200K, used 252922K [0x0000000080000000, 0x0000000100000000)
  region size 1024K, 108 young (110592K), 11 survivors (11264K)
 Metaspace       used 136768K, committed 137600K, reserved 1171456K
  class space    used 18598K, committed 19008K, reserved 1048576K
}
Event: 70.075 GC heap after
{Heap after GC invocations=45 (full 0):
 garbage-first heap   total 307200K, used 125883K [0x0000000080000000, 0x0000000100000000)
  region size 1024K, 4 young (4096K), 4 survivors (4096K)
 Metaspace       used 136768K, committed 137600K, reserved 1171456K
  class space    used 18598K, committed 19008K, reserved 1048576K
}
Event: 70.199 GC heap before
{Heap before GC invocations=45 (full 0):
 garbage-first heap   total 307200K, used 137147K [0x0000000080000000, 0x0000000100000000)
  region size 1024K, 15 young (15360K), 4 survivors (4096K)
 Metaspace       used 136878K, committed 137728K, reserved 1171456K
  class space    used 18598K, committed 19008K, reserved 1048576K
}
Event: 70.203 GC heap after
{Heap after GC invocations=46 (full 0):
 garbage-first heap   total 307200K, used 121841K [0x0000000080000000, 0x0000000100000000)
  region size 1024K, 2 young (2048K), 2 survivors (2048K)
 Metaspace       used 136878K, committed 137728K, reserved 1171456K
  class space    used 18598K, committed 19008K, reserved 1048576K
}
Event: 110.001 GC heap before
{Heap before GC invocations=46 (full 0):
 garbage-first heap   total 307200K, used 235505K [0x0000000080000000, 0x0000000100000000)
  region size 1024K, 113 young (115712K), 2 survivors (2048K)
 Metaspace       used 137918K, committed 138816K, reserved 1171456K
  class space    used 18644K, committed 19072K, reserved 1048576K
}

